+ echo 'Integration completed for project matio with target matio_fuzzer'
Integration completed for project matio with target matio_fuzzer
+ cd ..
+ sudo make build-libfuzzer-matio_matio_fuzzer
+ echo 'Build testing completed for project matio with target matio_fuzzer'
Build testing completed for project matio with target matio_fuzzer
+ cd benchmarks
+ for line in "${lines[@]}"
+ IFS=' '
+ read -ra tokens
++ echo 2020-02-13T02:46
++ tr -dc '[:digit:]'
+ date=202002130246
+ benchmark_name=arrow_parquet-arrow-fuzz
+ PYTHONPATH=..
+ python3 ./oss_fuzz_benchmark_integration.py -p arrow -f parquet-arrow-fuzz -c 3bc01ec94eb2e310b28402a35196e1e8c5c9aec8 -d 2020-02-13T02:46 -n arrow_parquet-arrow-fuzz
+ echo 'Integration completed for project arrow with target parquet-arrow-fuzz'
Integration completed for project arrow with target parquet-arrow-fuzz
+ cd ..
+ sudo make build-libfuzzer-arrow_parquet-arrow-fuzz
+ echo 'Build testing completed for project arrow with target parquet-arrow-fuzz'
Build testing completed for project arrow with target parquet-arrow-fuzz
+ cd benchmarks
+ for line in "${lines[@]}"
+ IFS=' '
+ read -ra tokens
++ echo 2019-12-19T03:18
++ tr -dc '[:digit:]'
+ date=201912190318
+ benchmark_name=binutils_fuzz_disassemble
+ PYTHONPATH=..
+ python3 ./oss_fuzz_benchmark_integration.py -p binutils -f fuzz_disassemble -c 32769083d1b6b1cb325409b3c9b99c06026f70d7 -d 2019-12-19T03:18 -n binutils_fuzz_disassemble
+ echo 'Integration completed for project binutils with target fuzz_disassemble'
Integration completed for project binutils with target fuzz_disassemble
+ cd ..
+ sudo make build-libfuzzer-binutils_fuzz_disassemble
+ echo 'Build testing failed for project binutils with target fuzz_disassemble'
Build testing failed for project binutils with target fuzz_disassemble
+ cd benchmarks
+ for line in "${lines[@]}"
+ IFS=' '
+ read -ra tokens
++ echo 2019-12-19T03:18
++ tr -dc '[:digit:]'
+ date=201912190318
+ benchmark_name=binutils_fuzz_bfd
+ PYTHONPATH=..
+ python3 ./oss_fuzz_benchmark_integration.py -p binutils -f fuzz_bfd -c 32769083d1b6b1cb325409b3c9b99c06026f70d7 -d 2019-12-19T03:18 -n binutils_fuzz_bfd
+ echo 'Integration completed for project binutils with target fuzz_bfd'
Integration completed for project binutils with target fuzz_bfd
+ cd ..
+ sudo make build-libfuzzer-binutils_fuzz_bfd
+ echo 'Build testing failed for project binutils with target fuzz_bfd'
Build testing failed for project binutils with target fuzz_bfd
+ cd benchmarks
+ for line in "${lines[@]}"
+ IFS=' '
+ read -ra tokens
++ echo 2019-11-06T03:07
++ tr -dc '[:digit:]'
+ date=201911060307
+ benchmark_name=opensc_fuzz_pkcs15_reader
+ PYTHONPATH=..
+ python3 ./oss_fuzz_benchmark_integration.py -p opensc -f fuzz_pkcs15_reader -c 8fea658fe9b5bdf51de7e321a1a549056ba4b150 -d 2019-11-06T03:07 -n opensc_fuzz_pkcs15_reader
+ echo 'Integration completed for project opensc with target fuzz_pkcs15_reader'
Integration completed for project opensc with target fuzz_pkcs15_reader
+ cd ..
+ sudo make build-libfuzzer-opensc_fuzz_pkcs15_reader
+ echo 'Build testing failed for project opensc with target fuzz_pkcs15_reader'
Build testing failed for project opensc with target fuzz_pkcs15_reader
+ cd benchmarks
+ for line in "${lines[@]}"
+ IFS=' '
+ read -ra tokens
++ echo 2020-01-15T03:36
++ tr -dc '[:digit:]'
+ date=202001150336
+ benchmark_name=ndpi_fuzz_ndpi_reader
+ PYTHONPATH=..
+ python3 ./oss_fuzz_benchmark_integration.py -p ndpi -f fuzz_ndpi_reader -c 98d9f524f9ff7746d0345939fe543020f8057212 -d 2020-01-15T03:36 -n ndpi_fuzz_ndpi_reader
+ echo 'Integration completed for project ndpi with target fuzz_ndpi_reader'
Integration completed for project ndpi with target fuzz_ndpi_reader
+ cd ..
+ sudo make build-libfuzzer-ndpi_fuzz_ndpi_reader
+ echo 'Build testing completed for project ndpi with target fuzz_ndpi_reader'
Build testing completed for project ndpi with target fuzz_ndpi_reader
+ cd benchmarks
+ for line in "${lines[@]}"
+ IFS=' '
+ read -ra tokens
++ echo 2020-05-31T03:17
++ tr -dc '[:digit:]'
+ date=202005310317
+ benchmark_name=pcapplusplus_FuzzTarget
+ PYTHONPATH=..
+ python3 ./oss_fuzz_benchmark_integration.py -p pcapplusplus -f FuzzTarget -c 0a62fd3e959813ca41d71d42c86aa7cf1f55ced0 -d 2020-05-31T03:17 -n pcapplusplus_FuzzTarget
+ echo 'Integration completed for project pcapplusplus with target FuzzTarget'
Integration completed for project pcapplusplus with target FuzzTarget
+ cd ..
+ sudo make build-libfuzzer-pcapplusplus_FuzzTarget
+ echo 'Build testing failed for project pcapplusplus with target FuzzTarget'
Build testing failed for project pcapplusplus with target FuzzTarget
+ cd benchmarks
+ for line in "${lines[@]}"
+ IFS=' '
+ read -ra tokens
++ echo 2020-02-23T02:50
++ tr -dc '[:digit:]'
+ date=202002230250
+ benchmark_name=envoy_filter_fuzz_test
+ PYTHONPATH=..
+ python3 ./oss_fuzz_benchmark_integration.py -p envoy -f filter_fuzz_test -c 1a8fac91951d4a3bc3f7fcc96f5adc86a8dab6fb -d 2020-02-23T02:50 -n envoy_filter_fuzz_test
+ echo 'Integration completed for project envoy with target filter_fuzz_test'
Integration completed for project envoy with target filter_fuzz_test
+ cd ..
+ sudo make build-libfuzzer-envoy_filter_fuzz_test
+ echo 'Build testing failed for project envoy with target filter_fuzz_test'
Build testing failed for project envoy with target filter_fuzz_test
+ cd benchmarks
+ for line in "${lines[@]}"
+ IFS=' '
+ read -ra tokens
++ echo 2020-05-08T01:50
++ tr -dc '[:digit:]'
+ date=202005080150
+ benchmark_name=firefox_ContentParentIPC
+ PYTHONPATH=..
+ python3 ./oss_fuzz_benchmark_integration.py -p firefox -f ContentParentIPC -c 1e07ee31d209adc33a9c2302e7571f162bf00b49 -d 2020-05-08T01:50 -n firefox_ContentParentIPC
+ echo 'Integration completed for project firefox with target ContentParentIPC'
Integration completed for project firefox with target ContentParentIPC
+ cd ..
+ sudo make build-libfuzzer-firefox_ContentParentIPC
+ echo 'Build testing failed for project firefox with target ContentParentIPC'
Build testing failed for project firefox with target ContentParentIPC
+ cd benchmarks
+ for line in "${lines[@]}"
+ IFS=' '
+ read -ra tokens
++ echo 2019-10-22T05:51
++ tr -dc '[:digit:]'
+ date=201910220551
+ benchmark_name=openh264_decoder_fuzzer
+ PYTHONPATH=..
+ python3 ./oss_fuzz_benchmark_integration.py -p openh264 -f decoder_fuzzer -c c185ac351eff0ae277bfe14a3b2ad52e9ed8ab81 -d 2019-10-22T05:51 -n openh264_decoder_fuzzer
+ echo 'Integration completed for project openh264 with target decoder_fuzzer'
Integration completed for project openh264 with target decoder_fuzzer
+ cd ..
+ sudo make build-libfuzzer-openh264_decoder_fuzzer
+ echo 'Build testing completed for project openh264 with target decoder_fuzzer'
Build testing completed for project openh264 with target decoder_fuzzer
+ cd benchmarks
+ for line in "${lines[@]}"
+ IFS=' '
+ read -ra tokens
++ echo 2019-09-06T02:29
++ tr -dc '[:digit:]'
+ date=201909060229
+ benchmark_name=libhevc_hevc_dec_fuzzer
+ PYTHONPATH=..
+ python3 ./oss_fuzz_benchmark_integration.py -p libhevc -f hevc_dec_fuzzer -c d28f2210ee8e65afdfb07a1fd6582285d3d178e0 -d 2019-09-06T02:29 -n libhevc_hevc_dec_fuzzer
+ echo 'Integration completed for project libhevc with target hevc_dec_fuzzer'
Integration completed for project libhevc with target hevc_dec_fuzzer
+ cd ..
+ sudo make build-libfuzzer-libhevc_hevc_dec_fuzzer
+ echo 'Build testing completed for project libhevc with target hevc_dec_fuzzer'
Build testing completed for project libhevc with target hevc_dec_fuzzer
+ cd benchmarks
+ for line in "${lines[@]}"
+ IFS=' '
+ read -ra tokens
++ echo 2019-10-18T03:01
++ tr -dc '[:digit:]'
+ date=201910180301
+ benchmark_name=ffmpeg_ffmpeg_AV_CODEC_ID_WMALOSSLESS_fuzzer
+ PYTHONPATH=..
+ python3 ./oss_fuzz_benchmark_integration.py -p ffmpeg -f ffmpeg_AV_CODEC_ID_WMALOSSLESS_fuzzer -c feaec3bc3133ff143b8445c919f2c4c56048fdf9 -d 2019-10-18T03:01 -n ffmpeg_ffmpeg_AV_CODEC_ID_WMALOSSLESS_fuzzer
+ echo 'Integration completed for project ffmpeg with target ffmpeg_AV_CODEC_ID_WMALOSSLESS_fuzzer'
Integration completed for project ffmpeg with target ffmpeg_AV_CODEC_ID_WMALOSSLESS_fuzzer
+ cd ..
+ sudo make build-libfuzzer-ffmpeg_ffmpeg_AV_CODEC_ID_WMALOSSLESS_fuzzer
+ echo 'Build testing failed for project ffmpeg with target ffmpeg_AV_CODEC_ID_WMALOSSLESS_fuzzer'
Build testing failed for project ffmpeg with target ffmpeg_AV_CODEC_ID_WMALOSSLESS_fuzzer
+ cd benchmarks
+ for line in "${lines[@]}"
+ IFS=' '
+ read -ra tokens
++ echo 2019-06-04T02:22
++ tr -dc '[:digit:]'
+ date=201906040222
+ benchmark_name=ffmpeg_ffmpeg_DEMUXER_fuzzer
+ PYTHONPATH=..
+ python3 ./oss_fuzz_benchmark_integration.py -p ffmpeg -f ffmpeg_DEMUXER_fuzzer -c ff2a638c83161b2b5d15acca494436922b389d51 -d 2019-06-04T02:22 -n ffmpeg_ffmpeg_DEMUXER_fuzzer
+ echo 'Integration completed for project ffmpeg with target ffmpeg_DEMUXER_fuzzer'
Integration completed for project ffmpeg with target ffmpeg_DEMUXER_fuzzer
+ cd ..
+ sudo make build-libfuzzer-ffmpeg_ffmpeg_DEMUXER_fuzzer
+ echo 'Build testing failed for project ffmpeg with target ffmpeg_DEMUXER_fuzzer'
Build testing failed for project ffmpeg with target ffmpeg_DEMUXER_fuzzer
+ cd benchmarks
+ for line in "${lines[@]}"
+ IFS=' '
+ read -ra tokens
++ echo 2020-02-14T03:22
++ tr -dc '[:digit:]'
+ date=202002140322
+ benchmark_name=mtail_vm-fuzzer
+ PYTHONPATH=..
+ python3 ./oss_fuzz_benchmark_integration.py -p mtail -f vm-fuzzer -c af6da216a20c8ce07600991ccf412a52cf7aba95 -d 2020-02-14T03:22 -n mtail_vm-fuzzer
+ echo 'Integration completed for project mtail with target vm-fuzzer'
Integration completed for project mtail with target vm-fuzzer
+ cd ..
+ sudo make build-libfuzzer-mtail_vm-fuzzer
+ echo 'Build testing failed for project mtail with target vm-fuzzer'
Build testing failed for project mtail with target vm-fuzzer
+ cd benchmarks
+ for line in "${lines[@]}"
+ IFS=' '
+ read -ra tokens
++ echo 2019-11-09T02:48
++ tr -dc '[:digit:]'
+ date=201911090248
+ benchmark_name=firestore_serializer_fuzzer
+ PYTHONPATH=..
+ python3 ./oss_fuzz_benchmark_integration.py -p firestore -f serializer_fuzzer -c a63dab446396fdc842b8b8d09779f5c8f40884ff -d 2019-11-09T02:48 -n firestore_serializer_fuzzer
+ echo 'Integration completed for project firestore with target serializer_fuzzer'
Integration completed for project firestore with target serializer_fuzzer
+ cd ..
+ sudo make build-libfuzzer-firestore_serializer_fuzzer
+ echo 'Build testing completed for project firestore with target serializer_fuzzer'
Build testing completed for project firestore with target serializer_fuzzer
+ cd benchmarks
+ for line in "${lines[@]}"
+ IFS=' '
+ read -ra tokens
++ echo 2019-12-19T04:49
++ tr -dc '[:digit:]'
+ date=201912190449
+ benchmark_name=mysql-server_fuzz_real_query
+ PYTHONPATH=..
+ python3 ./oss_fuzz_benchmark_integration.py -p mysql-server -f fuzz_real_query -c 91a17cedb1ee880fe7915fb14cfd74c04e8d6588 -d 2019-12-19T04:49 -n mysql-server_fuzz_real_query
+ echo 'Integration completed for project mysql-server with target fuzz_real_query'
Integration completed for project mysql-server with target fuzz_real_query
+ cd ..
+ sudo make build-libfuzzer-mysql-server_fuzz_real_query
+ echo 'Build testing completed for project mysql-server with target fuzz_real_query'
Build testing completed for project mysql-server with target fuzz_real_query
+ cd benchmarks
+ for line in "${lines[@]}"
+ IFS=' '
+ read -ra tokens
++ tr -dc '[:digit:]'
++ echo 2020-01-28T07:03
+ date=202001280703
+ benchmark_name=wabt_wasm2wat_fuzzer
+ PYTHONPATH=..
+ python3 ./oss_fuzz_benchmark_integration.py -p wabt -f wasm2wat_fuzzer -c c74e612ff9d95d6afd1bbfb6d9656655aa6d70ed -d 2020-01-28T07:03 -n wabt_wasm2wat_fuzzer
+ echo 'Integration completed for project wabt with target wasm2wat_fuzzer'
Integration completed for project wabt with target wasm2wat_fuzzer
+ cd ..
+ sudo make build-libfuzzer-wabt_wasm2wat_fuzzer
+ echo 'Build testing completed for project wabt with target wasm2wat_fuzzer'
Build testing completed for project wabt with target wasm2wat_fuzzer
+ cd benchmarks
+ for line in "${lines[@]}"
+ IFS=' '
+ read -ra tokens
++ echo 2020-05-27T03:31
++ tr -dc '[:digit:]'
+ date=202005270331
+ benchmark_name=stb_stbi_read_fuzzer
+ PYTHONPATH=..
+ python3 ./oss_fuzz_benchmark_integration.py -p stb -f stbi_read_fuzzer -c f54acd4e13430c5122cab4ca657705c84aa61b08 -d 2020-05-27T03:31 -n stb_stbi_read_fuzzer
+ echo 'Integration completed for project stb with target stbi_read_fuzzer'
Integration completed for project stb with target stbi_read_fuzzer
+ cd ..
+ sudo make build-libfuzzer-stb_stbi_read_fuzzer
+ echo 'Build testing completed for project stb with target stbi_read_fuzzer'
Build testing completed for project stb with target stbi_read_fuzzer
+ cd benchmarks
+ for line in "${lines[@]}"
+ IFS=' '
+ read -ra tokens
++ echo 2020-06-02T03:06
++ tr -dc '[:digit:]'
+ date=202006020306
+ benchmark_name=njs_njs_process_script_fuzzer
+ PYTHONPATH=..
+ python3 ./oss_fuzz_benchmark_integration.py -p njs -f njs_process_script_fuzzer -c ff39edb94acf932a1abfe134fa0d580f3064d697 -d 2020-06-02T03:06 -n njs_njs_process_script_fuzzer
+ echo 'Integration completed for project njs with target njs_process_script_fuzzer'
Integration completed for project njs with target njs_process_script_fuzzer
+ cd ..
+ sudo make build-libfuzzer-njs_njs_process_script_fuzzer
+ echo 'Build testing failed for project njs with target njs_process_script_fuzzer'
Build testing failed for project njs with target njs_process_script_fuzzer
+ cd benchmarks
+ for line in "${lines[@]}"
+ IFS=' '
+ read -ra tokens
++ echo 2019-08-23T02:49
++ tr -dc '[:digit:]'
+ date=201908230249
+ benchmark_name=gdal_gdal_fuzzer
+ PYTHONPATH=..
+ python3 ./oss_fuzz_benchmark_integration.py -p gdal -f gdal_fuzzer -c 79b40168b206f1d5118aa3a09117eaf799938e16 -d 2019-08-23T02:49 -n gdal_gdal_fuzzer
+ echo 'Integration completed for project gdal with target gdal_fuzzer'
Integration completed for project gdal with target gdal_fuzzer
+ cd ..
+ sudo make build-libfuzzer-gdal_gdal_fuzzer
+ echo 'Build testing failed for project gdal with target gdal_fuzzer'
Build testing failed for project gdal with target gdal_fuzzer

